<?xml version="1.0" encoding="UTF-8"?>
<!-- Generated by org.testng.reporters.JUnitReportReporter -->
<testsuite hostname="DESKTOP-MNVU118" failures="0" tests="1" name="com.qa.testscripts.Simpleprogram" time="9.840" errors="0" timestamp="2025-06-30T18:13:22 IST" skipped="0">
  <testcase classname="com.qa.testscripts.Simpleprogram" name="LoginFun" time="9.840"/>
</testsuite> <!-- com.qa.testscripts.Simpleprogram -->
